[22:42:45] [ServerMain/INFO]: Environment: authHost='https://authserver.mojang.com', accountsHost='https://api.mojang.com', sessionHost='https://sessionserver.mojang.com', servicesHost='https://api.minecraftservices.com', name='PROD'
[22:42:46] [ServerMain/INFO]: Loaded 7 recipes
[22:42:46] [ServerMain/INFO]: Loaded 1271 advancements
[22:42:47] [Server thread/INFO]: Starting minecraft server version 1.20.1
[22:42:47] [Server thread/INFO]: Loading properties
[22:42:47] [Server thread/INFO]: Default game type: CREATIVE
[22:42:47] [Server thread/INFO]: Generating keypair
[22:42:47] [Server thread/INFO]: Starting Minecraft server on *:25565
[22:42:47] [Server thread/INFO]: Using epoll channel type
[22:42:47] [Server thread/WARN]: **** SERVER IS RUNNING IN OFFLINE/INSECURE MODE!
[22:42:47] [Server thread/WARN]: The server will make no attempt to authenticate usernames. Beware.
[22:42:47] [Server thread/WARN]: While this makes the game possible to play without internet access, it also opens up the ability for hackers to connect with any username they choose.
[22:42:47] [Server thread/WARN]: To change this, set "online-mode" to "true" in the server.properties file.
[22:42:47] [Server thread/INFO]: Preparing level "world"
[22:42:50] [Server thread/INFO]: Preparing start region for dimension minecraft:overworld
[22:42:51] [Worker-Main-2/INFO]: Preparing spawn area: 0%
[22:42:51] [Worker-Main-11/INFO]: Preparing spawn area: 0%
[22:42:51] [Worker-Main-12/INFO]: Preparing spawn area: 0%
[22:42:52] [Worker-Main-5/INFO]: Preparing spawn area: 0%
[22:42:52] [Worker-Main-7/INFO]: Preparing spawn area: 1%
[22:42:53] [Worker-Main-10/INFO]: Preparing spawn area: 2%
[22:42:53] [Worker-Main-11/INFO]: Preparing spawn area: 3%
[22:42:54] [Worker-Main-10/INFO]: Preparing spawn area: 5%
[22:42:54] [Worker-Main-7/INFO]: Preparing spawn area: 7%
[22:42:55] [Worker-Main-1/INFO]: Preparing spawn area: 10%
[22:42:55] [Worker-Main-14/INFO]: Preparing spawn area: 12%
[22:42:56] [Worker-Main-13/INFO]: Preparing spawn area: 16%
[22:42:56] [Worker-Main-7/INFO]: Preparing spawn area: 18%
[22:42:57] [Worker-Main-2/INFO]: Preparing spawn area: 23%
[22:42:57] [Worker-Main-12/INFO]: Preparing spawn area: 25%
[22:42:59] [Worker-Main-10/INFO]: Preparing spawn area: 27%
[22:42:59] [Worker-Main-10/INFO]: Preparing spawn area: 27%
[22:42:59] [Worker-Main-3/INFO]: Preparing spawn area: 28%
[22:42:59] [Worker-Main-13/INFO]: Preparing spawn area: 32%
[22:43:00] [Worker-Main-5/INFO]: Preparing spawn area: 34%
[22:43:00] [Worker-Main-14/INFO]: Preparing spawn area: 39%
[22:43:01] [Worker-Main-14/INFO]: Preparing spawn area: 42%
[22:43:01] [Worker-Main-13/INFO]: Preparing spawn area: 44%
[22:43:02] [Worker-Main-11/INFO]: Preparing spawn area: 47%
[22:43:02] [Worker-Main-13/INFO]: Preparing spawn area: 51%
[22:43:03] [Worker-Main-13/INFO]: Preparing spawn area: 56%
[22:43:03] [Worker-Main-9/INFO]: Preparing spawn area: 60%
[22:43:04] [Worker-Main-4/INFO]: Preparing spawn area: 64%
[22:43:04] [Worker-Main-6/INFO]: Preparing spawn area: 69%
[22:43:05] [Worker-Main-15/INFO]: Preparing spawn area: 73%
[22:43:05] [Worker-Main-9/INFO]: Preparing spawn area: 77%
[22:43:06] [Worker-Main-4/INFO]: Preparing spawn area: 82%
[22:43:07] [Worker-Main-11/INFO]: Preparing spawn area: 84%
[22:43:07] [Worker-Main-1/INFO]: Preparing spawn area: 86%
[22:43:07] [Worker-Main-7/INFO]: Preparing spawn area: 88%
[22:43:08] [Worker-Main-3/INFO]: Preparing spawn area: 93%
[22:43:08] [Worker-Main-6/INFO]: Preparing spawn area: 99%
[22:43:08] [Server thread/INFO]: Time elapsed: 18018 ms
[22:43:08] [Server thread/INFO]: Done (21.632s)! For help, type "help"
[22:43:09] [Server thread/INFO]: jorge[/[0:0:0:0:0:0:0:1%0]:45558] logged in with entity id 93 at (-77.5, 63.0, 25.5)
[22:43:09] [Server thread/INFO]: jorge joined the game
[22:43:37] [Server thread/INFO]: jorge lost connection: Disconnected
[22:43:37] [Server thread/INFO]: jorge left the game
